{
  "0 debug pnpm:scope": {
    "selected": 1
  },
  "1 error pnpm": {
    "errno": 1,
    "code": "ELIFECYCLE",
    "pkgid": "blog_create_by_vuepress_hope@2.0.0",
    "stage": "docs:dev",
    "script": "vuepress dev docs",
    "pkgname": "blog_create_by_vuepress_hope",
    "err": {
      "name": "pnpm",
      "message": "blog_create_by_vuepress_hope@2.0.0 docs:dev: `vuepress dev docs`\nExit status 1",
      "code": "ELIFECYCLE",
      "stack": "pnpm: blog_create_by_vuepress_hope@2.0.0 docs:dev: `vuepress dev docs`\nExit status 1\n    at EventEmitter.<anonymous> (/usr/lib/node_modules/pnpm/dist/pnpm.cjs:106903:20)\n    at EventEmitter.emit (node:events:527:28)\n    at ChildProcess.<anonymous> (/usr/lib/node_modules/pnpm/dist/pnpm.cjs:93472:18)\n    at ChildProcess.emit (node:events:527:28)\n    at maybeClose (node:internal/child_process:1090:16)\n    at ChildProcess._handle.onexit (node:internal/child_process:302:5)"
    }
  },
  "2 warn pnpm:global": " Local package.json exists, but node_modules missing, did you mean to install?"
}